<?xml version="1.0" encoding="UTF-8"?>
<!-- Generated by org.testng.reporters.JUnitXMLReporter -->
<testsuite ignored="0" hostname="TR7410" failures="0" tests="5" name="Default test" time="10.437" errors="0" timestamp="2026-03-11T18:20:04 IST">
  <testcase classname="api.test.DDTests" name="testPostUser" time="3.616"/>
  <testcase classname="api.test.DDTests" name="testPostUser" time="1.322"/>
  <testcase classname="api.test.DDTests" name="testPostUser" time="1.303"/>
  <testcase classname="api.test.DDTests" name="testPostUser" time="1.308"/>
  <testcase classname="api.test.DDTests" name="testPostUser" time="1.339"/>
</testsuite> <!-- Default test -->
