<?xml version="1.0" encoding="UTF-8"?>
<!-- Generated by org.testng.reporters.JUnitXMLReporter -->
<testsuite ignored="0" hostname="TR7410" failures="0" tests="4" name="Test" time="8.521" errors="0" timestamp="2026-03-12T12:48:25 IST">
  <testcase classname="api.test.UserTests2" name="testPostUser" time="2.412"/>
  <testcase classname="api.test.UserTests2" name="testGetUserByName" time="1.07"/>
  <testcase classname="api.test.UserTests2" name="testUpdateUserByName" time="2.135"/>
  <testcase classname="api.test.UserTests2" name="testDeleteUserByName" time="2.108"/>
</testsuite> <!-- Test -->
