<?xml version="1.0" encoding="UTF-8"?>
<testng-results ignored="0" total="4" passed="4" failed="0" skipped="0">
  <reporter-output>
  </reporter-output>
  <suite started-at="2026-03-12T15:08:34 IST" name="Suite" finished-at="2026-03-12T15:08:46 IST" duration-ms="11879">
    <groups>
    </groups>
    <test started-at="2026-03-12T15:08:34 IST" name="Test" finished-at="2026-03-12T15:08:46 IST" duration-ms="11879">
      <class name="api.test.UserTests2">
        <test-method is-config="true" signature="setUpData()[pri:0, instance:api.test.UserTests2@7f1302d6]" started-at="2026-03-12T15:08:35 IST" name="setUpData" finished-at="2026-03-12T15:08:36 IST" duration-ms="993" status="PASS">
          <reporter-output>
          </reporter-output>
        </test-method> <!-- setUpData -->
        <test-method signature="testPostUser()[pri:1, instance:api.test.UserTests2@7f1302d6]" started-at="2026-03-12T15:08:36 IST" name="testPostUser" finished-at="2026-03-12T15:08:40 IST" duration-ms="3921" status="PASS">
          <reporter-output>
          </reporter-output>
        </test-method> <!-- testPostUser -->
        <test-method signature="testGetUserByName()[pri:2, instance:api.test.UserTests2@7f1302d6]" started-at="2026-03-12T15:08:40 IST" name="testGetUserByName" finished-at="2026-03-12T15:08:41 IST" duration-ms="1358" status="PASS">
          <reporter-output>
          </reporter-output>
        </test-method> <!-- testGetUserByName -->
        <test-method signature="testUpdateUserByName()[pri:3, instance:api.test.UserTests2@7f1302d6]" started-at="2026-03-12T15:08:41 IST" name="testUpdateUserByName" finished-at="2026-03-12T15:08:44 IST" duration-ms="2686" status="PASS">
          <reporter-output>
          </reporter-output>
        </test-method> <!-- testUpdateUserByName -->
        <test-method signature="testDeleteUserByName()[pri:4, instance:api.test.UserTests2@7f1302d6]" started-at="2026-03-12T15:08:44 IST" name="testDeleteUserByName" finished-at="2026-03-12T15:08:46 IST" duration-ms="2603" status="PASS">
          <reporter-output>
          </reporter-output>
        </test-method> <!-- testDeleteUserByName -->
      </class> <!-- api.test.UserTests2 -->
    </test> <!-- Test -->
  </suite> <!-- Suite -->
</testng-results>
