<?xml version="1.0" encoding="UTF-8"?>
<testsuite xmlns:xsi="http://www.w3.org/2001/XMLSchema-instance" xsi:noNamespaceSchemaLocation="https://maven.apache.org/surefire/maven-surefire-plugin/xsd/surefire-test-report.xsd" version="3.0.1" name="TestSuite" time="12.965" tests="4" errors="0" skipped="0" failures="0">
  <properties>
[...]
</properties>
  <testcase name="testPostUser" classname="api.test.UserTests2" time="3.928">
    <system-out><![CDATA[2026-03-12 15:08:36 [main] INFO  api.test.UserTests2 - ***********Creating user************
Generated User Payload: User [id=1774720883, username=garland.von, firstName=Bok, lastName=Feeney, email=orlando.auer@gmail.com, password=mq714rki4, phone=944-879-4668, userStatus=0]
Response from createUser: {"code":200,"type":"unknown","message":"1774720883"}
HTTP/1.1 200 OK
Date: Thu, 12 Mar 2026 09:38:38 GMT
Content-Type: application/json
Transfer-Encoding: chunked
Connection: keep-alive
Access-Control-Allow-Origin: *
Access-Control-Allow-Methods: GET, POST, DELETE, PUT
Access-Control-Allow-Headers: Content-Type, api_key, Authorization
Server: Jetty(9.2.9.v20150224)

{
    "code": 200,
    "type": "unknown",
    "message": "1774720883"
}
2026-03-12 15:08:40 [main] INFO  api.test.UserTests2 - ***********User created successfully************
]]></system-out>
    <system-err><![CDATA[SLF4J: Failed to load class "org.slf4j.impl.StaticLoggerBinder".
SLF4J: Defaulting to no-operation (NOP) logger implementation
SLF4J: See http://www.slf4j.org/codes.html#StaticLoggerBinder for further details.
]]></system-err>
  </testcase>
  <testcase name="testGetUserByName" classname="api.test.UserTests2" time="1.227">
    <system-out><![CDATA[2026-03-12 15:08:40 [main] INFO  api.test.UserTests2 - ***********Reading user details************
Reading user with username: garland.von
HTTP/1.1 200 OK
Date: Thu, 12 Mar 2026 09:38:40 GMT
Content-Type: application/json
Transfer-Encoding: chunked
Connection: keep-alive
Access-Control-Allow-Origin: *
Access-Control-Allow-Methods: GET, POST, DELETE, PUT
Access-Control-Allow-Headers: Content-Type, api_key, Authorization
Server: Jetty(9.2.9.v20150224)

{
    "id": 1774720883,
    "username": "garland.von",
    "firstName": "Bok",
    "lastName": "Feeney",
    "email": "orlando.auer@gmail.com",
    "password": "mq714rki4",
    "phone": "944-879-4668",
    "userStatus": 0
}
2026-03-12 15:08:41 [main] INFO  api.test.UserTests2 - ***********User details retrieved successfully************
]]></system-out>
  </testcase>
  <testcase name="testUpdateUserByName" classname="api.test.UserTests2" time="2.682">
    <system-out><![CDATA[2026-03-12 15:08:41 [main] INFO  api.test.UserTests2 - ***********Updating user details************
HTTP/1.1 200 OK
Date: Thu, 12 Mar 2026 09:38:41 GMT
Content-Type: application/json
Transfer-Encoding: chunked
Connection: keep-alive
Access-Control-Allow-Origin: *
Access-Control-Allow-Methods: GET, POST, DELETE, PUT
Access-Control-Allow-Headers: Content-Type, api_key, Authorization
Server: Jetty(9.2.9.v20150224)

{
    "code": 200,
    "type": "unknown",
    "message": "1774720883"
}
Reading user with username: garland.von
HTTP/1.1 200 OK
Date: Thu, 12 Mar 2026 09:38:43 GMT
Content-Type: application/json
Transfer-Encoding: chunked
Connection: keep-alive
Access-Control-Allow-Origin: *
Access-Control-Allow-Methods: GET, POST, DELETE, PUT
Access-Control-Allow-Headers: Content-Type, api_key, Authorization
Server: Jetty(9.2.9.v20150224)

{
    "id": 1774720883,
    "username": "garland.von",
    "firstName": "Bruce",
    "lastName": "Friesen",
    "email": "jovita.bruen@yahoo.com",
    "password": "mq714rki4",
    "phone": "944-879-4668",
    "userStatus": 0
}
2026-03-12 15:08:44 [main] INFO  api.test.UserTests2 - ***********User details updated successfully************
]]></system-out>
  </testcase>
  <testcase name="testDeleteUserByName" classname="api.test.UserTests2" time="2.603">
    <system-out><![CDATA[2026-03-12 15:08:44 [main] INFO  api.test.UserTests2 - ***********Deleting user************
HTTP/1.1 200 OK
Date: Thu, 12 Mar 2026 09:38:44 GMT
Content-Type: application/json
Transfer-Encoding: chunked
Connection: keep-alive
Access-Control-Allow-Origin: *
Access-Control-Allow-Methods: GET, POST, DELETE, PUT
Access-Control-Allow-Headers: Content-Type, api_key, Authorization
Server: Jetty(9.2.9.v20150224)

{
    "code": 200,
    "type": "unknown",
    "message": "garland.von"
}
Reading user with username: garland.von
HTTP/1.1 404 Not Found
Date: Thu, 12 Mar 2026 09:38:45 GMT
Content-Type: application/json
Transfer-Encoding: chunked
Connection: keep-alive
Access-Control-Allow-Origin: *
Access-Control-Allow-Methods: GET, POST, DELETE, PUT
Access-Control-Allow-Headers: Content-Type, api_key, Authorization
Server: Jetty(9.2.9.v20150224)

{
    "code": 1,
    "type": "error",
    "message": "User not found"
}
2026-03-12 15:08:46 [main] INFO  api.test.UserTests2 - ***********User deleted successfully************
]]></system-out>
  </testcase>
</testsuite>