<?xml version="1.0" encoding="UTF-8"?>
<testng-results ignored="0" total="4" passed="4" failed="0" skipped="0">
  <reporter-output>
  </reporter-output>
  <suite started-at="2026-03-12T12:48:16 IST" name="Suite" finished-at="2026-03-12T12:48:24 IST" duration-ms="8521">
    <groups>
    </groups>
    <test started-at="2026-03-12T12:48:16 IST" name="Test" finished-at="2026-03-12T12:48:24 IST" duration-ms="8521">
      <class name="api.test.UserTests2">
        <test-method is-config="true" signature="setUpData()[pri:0, instance:api.test.UserTests2@7c7b252e]" started-at="2026-03-12T12:48:16 IST" name="setUpData" finished-at="2026-03-12T12:48:17 IST" duration-ms="579" status="PASS">
          <reporter-output>
          </reporter-output>
        </test-method> <!-- setUpData -->
        <test-method signature="testPostUser()[pri:1, instance:api.test.UserTests2@7c7b252e]" started-at="2026-03-12T12:48:17 IST" name="testPostUser" finished-at="2026-03-12T12:48:19 IST" duration-ms="2412" status="PASS">
          <reporter-output>
          </reporter-output>
        </test-method> <!-- testPostUser -->
        <test-method signature="testGetUserByName()[pri:2, instance:api.test.UserTests2@7c7b252e]" started-at="2026-03-12T12:48:19 IST" name="testGetUserByName" finished-at="2026-03-12T12:48:20 IST" duration-ms="1070" status="PASS">
          <reporter-output>
          </reporter-output>
        </test-method> <!-- testGetUserByName -->
        <test-method signature="testUpdateUserByName()[pri:3, instance:api.test.UserTests2@7c7b252e]" started-at="2026-03-12T12:48:20 IST" name="testUpdateUserByName" finished-at="2026-03-12T12:48:22 IST" duration-ms="2135" status="PASS">
          <reporter-output>
          </reporter-output>
        </test-method> <!-- testUpdateUserByName -->
        <test-method signature="testDeleteUserByName()[pri:4, instance:api.test.UserTests2@7c7b252e]" started-at="2026-03-12T12:48:22 IST" name="testDeleteUserByName" finished-at="2026-03-12T12:48:24 IST" duration-ms="2108" status="PASS">
          <reporter-output>
          </reporter-output>
        </test-method> <!-- testDeleteUserByName -->
      </class> <!-- api.test.UserTests2 -->
    </test> <!-- Test -->
  </suite> <!-- Suite -->
</testng-results>
