<?xml version="1.0" encoding="UTF-8"?>
<!-- Generated by org.testng.reporters.JUnitReportReporter -->
<testsuite hostname="TR7410" failures="0" tests="4" name="api.test.UserTests2" time="7.725" errors="0" timestamp="2026-03-12T12:48:25 IST" skipped="0">
  <testcase classname="api.test.UserTests2" name="testPostUser" time="2.412"/>
  <testcase classname="api.test.UserTests2" name="testGetUserByName" time="1.070"/>
  <testcase classname="api.test.UserTests2" name="testUpdateUserByName" time="2.135"/>
  <testcase classname="api.test.UserTests2" name="testDeleteUserByName" time="2.108"/>
</testsuite> <!-- api.test.UserTests2 -->
