<?xml version="1.0" encoding="UTF-8"?>
<!-- Generated by org.testng.reporters.JUnitReportReporter -->
<testsuite hostname="TR7410" failures="0" tests="4" name="api.test.UserTests" time="9.305" errors="0" timestamp="2026-03-11T18:51:26 IST" skipped="0">
  <testcase classname="api.test.UserTests" name="testPostUser" time="2.659"/>
  <testcase classname="api.test.UserTests" name="testGetUserByName" time="1.394"/>
  <testcase classname="api.test.UserTests" name="testUpdateUserByName" time="2.661"/>
  <testcase classname="api.test.UserTests" name="testDeleteUserByName" time="2.591"/>
</testsuite> <!-- api.test.UserTests -->
