<?xml version="1.0" encoding="UTF-8"?>
<!-- Generated by org.testng.reporters.JUnitReportReporter -->
<testsuite hostname="TR7410" failures="0" tests="10" name="api.test.DDTests" time="14.689" errors="0" timestamp="2026-03-11T18:50:42 IST" skipped="0">
  <testcase classname="api.test.DDTests" name="testPostUser" time="1.324"/>
  <testcase classname="api.test.DDTests" name="testPostUser" time="1.356"/>
  <testcase classname="api.test.DDTests" name="testPostUser" time="1.285"/>
  <testcase classname="api.test.DDTests" name="testPostUser" time="2.683"/>
  <testcase classname="api.test.DDTests" name="testPostUser" time="1.290"/>
  <testcase classname="api.test.DDTests" name="testDeleteUser" time="1.332"/>
  <testcase classname="api.test.DDTests" name="testDeleteUser" time="1.345"/>
  <testcase classname="api.test.DDTests" name="testDeleteUser" time="1.355"/>
  <testcase classname="api.test.DDTests" name="testDeleteUser" time="1.353"/>
  <testcase classname="api.test.DDTests" name="testDeleteUser" time="1.366"/>
</testsuite> <!-- api.test.DDTests -->
