<?xml version="1.0" encoding="UTF-8"?>
<!-- Generated by org.testng.reporters.JUnitReportReporter -->
<testsuite hostname="TR7410" failures="0" tests="4" name="api.test.UserTests2" time="10.568" errors="0" timestamp="2026-03-12T15:08:47 IST" skipped="0">
  <testcase classname="api.test.UserTests2" name="testPostUser" time="3.921"/>
  <testcase classname="api.test.UserTests2" name="testGetUserByName" time="1.358"/>
  <testcase classname="api.test.UserTests2" name="testUpdateUserByName" time="2.686"/>
  <testcase classname="api.test.UserTests2" name="testDeleteUserByName" time="2.603"/>
</testsuite> <!-- api.test.UserTests2 -->
